<?xml version="1.0" encoding="UTF-8"?>
<testsuite name="gridgenerationms.game.GridgenerationmsApplicationTests" tests="1" skipped="0" failures="0" errors="0" timestamp="2019-10-10T01:03:41" hostname="miPC" time="0.211">
  <properties/>
  <testcase name="contextLoads" classname="gridgenerationms.game.GridgenerationmsApplicationTests" time="0.211"/>
  <system-out><![CDATA[20:03:39.138 [Test worker] DEBUG org.springframework.test.context.junit4.SpringJUnit4ClassRunner - SpringJUnit4ClassRunner constructor called with [class gridgenerationms.game.GridgenerationmsApplicationTests]
20:03:39.147 [Test worker] DEBUG org.springframework.test.context.BootstrapUtils - Instantiating CacheAwareContextLoaderDelegate from class [org.springframework.test.context.cache.DefaultCacheAwareContextLoaderDelegate]
20:03:39.156 [Test worker] DEBUG org.springframework.test.context.BootstrapUtils - Instantiating BootstrapContext using constructor [public org.springframework.test.context.support.DefaultBootstrapContext(java.lang.Class,org.springframework.test.context.CacheAwareContextLoaderDelegate)]
20:03:39.174 [Test worker] DEBUG org.springframework.test.context.BootstrapUtils - Instantiating TestContextBootstrapper for test class [gridgenerationms.game.GridgenerationmsApplicationTests] from class [org.springframework.boot.test.context.SpringBootTestContextBootstrapper]
20:03:39.184 [Test worker] INFO org.springframework.boot.test.context.SpringBootTestContextBootstrapper - Neither @ContextConfiguration nor @ContextHierarchy found for test class [gridgenerationms.game.GridgenerationmsApplicationTests], using SpringBootContextLoader
20:03:39.188 [Test worker] DEBUG org.springframework.test.context.support.AbstractContextLoader - Did not detect default resource location for test class [gridgenerationms.game.GridgenerationmsApplicationTests]: class path resource [gridgenerationms/game/GridgenerationmsApplicationTests-context.xml] does not exist
20:03:39.189 [Test worker] DEBUG org.springframework.test.context.support.AbstractContextLoader - Did not detect default resource location for test class [gridgenerationms.game.GridgenerationmsApplicationTests]: class path resource [gridgenerationms/game/GridgenerationmsApplicationTestsContext.groovy] does not exist
20:03:39.190 [Test worker] INFO org.springframework.test.context.support.AbstractContextLoader - Could not detect default resource locations for test class [gridgenerationms.game.GridgenerationmsApplicationTests]: no resource found for suffixes {-context.xml, Context.groovy}.
20:03:39.191 [Test worker] INFO org.springframework.test.context.support.AnnotationConfigContextLoaderUtils - Could not detect default configuration classes for test class [gridgenerationms.game.GridgenerationmsApplicationTests]: GridgenerationmsApplicationTests does not declare any static, non-private, non-final, nested classes annotated with @Configuration.
20:03:39.267 [Test worker] DEBUG org.springframework.test.context.support.ActiveProfilesUtils - Could not find an 'annotation declaring class' for annotation type [org.springframework.test.context.ActiveProfiles] and class [gridgenerationms.game.GridgenerationmsApplicationTests]
20:03:39.350 [Test worker] DEBUG org.springframework.context.annotation.ClassPathScanningCandidateComponentProvider - Identified candidate component class: file [/home/jhonnyzaz/IdeaProjects/gridgenerationms/build/classes/kotlin/main/gridgenerationms/game/GridGenerationApplication.class]
20:03:39.355 [Test worker] INFO org.springframework.boot.test.context.SpringBootTestContextBootstrapper - Found @SpringBootConfiguration gridgenerationms.game.GridGenerationApplication for test class gridgenerationms.game.GridgenerationmsApplicationTests
20:03:39.442 [Test worker] DEBUG org.springframework.boot.test.context.SpringBootTestContextBootstrapper - @TestExecutionListeners is not present for class [gridgenerationms.game.GridgenerationmsApplicationTests]: using defaults.
20:03:39.443 [Test worker] INFO org.springframework.boot.test.context.SpringBootTestContextBootstrapper - Loaded default TestExecutionListener class names from location [META-INF/spring.factories]: [org.springframework.boot.test.autoconfigure.restdocs.RestDocsTestExecutionListener, org.springframework.boot.test.autoconfigure.web.client.MockRestServiceServerResetTestExecutionListener, org.springframework.boot.test.autoconfigure.web.servlet.MockMvcPrintOnlyOnFailureTestExecutionListener, org.springframework.boot.test.autoconfigure.web.servlet.WebDriverTestExecutionListener, org.springframework.boot.test.mock.mockito.MockitoTestExecutionListener, org.springframework.boot.test.mock.mockito.ResetMocksTestExecutionListener, org.springframework.test.context.web.ServletTestExecutionListener, org.springframework.test.context.support.DirtiesContextBeforeModesTestExecutionListener, org.springframework.test.context.support.DependencyInjectionTestExecutionListener, org.springframework.test.context.support.DirtiesContextTestExecutionListener, org.springframework.test.context.transaction.TransactionalTestExecutionListener, org.springframework.test.context.jdbc.SqlScriptsTestExecutionListener]
20:03:39.453 [Test worker] DEBUG org.springframework.boot.test.context.SpringBootTestContextBootstrapper - Skipping candidate TestExecutionListener [org.springframework.test.context.transaction.TransactionalTestExecutionListener] due to a missing dependency. Specify custom listener classes or make the default listener classes and their required dependencies available. Offending class: [org/springframework/transaction/interceptor/TransactionAttributeSource]
20:03:39.454 [Test worker] DEBUG org.springframework.boot.test.context.SpringBootTestContextBootstrapper - Skipping candidate TestExecutionListener [org.springframework.test.context.jdbc.SqlScriptsTestExecutionListener] due to a missing dependency. Specify custom listener classes or make the default listener classes and their required dependencies available. Offending class: [org/springframework/transaction/interceptor/TransactionAttribute]
20:03:39.455 [Test worker] INFO org.springframework.boot.test.context.SpringBootTestContextBootstrapper - Using TestExecutionListeners: [org.springframework.test.context.web.ServletTestExecutionListener@595ec249, org.springframework.test.context.support.DirtiesContextBeforeModesTestExecutionListener@f60554b, org.springframework.boot.test.mock.mockito.MockitoTestExecutionListener@31647e12, org.springframework.boot.test.autoconfigure.SpringBootDependencyInjectionTestExecutionListener@6b7ad14a, org.springframework.test.context.support.DirtiesContextTestExecutionListener@44190ae6, org.springframework.boot.test.autoconfigure.restdocs.RestDocsTestExecutionListener@495ed523, org.springframework.boot.test.autoconfigure.web.client.MockRestServiceServerResetTestExecutionListener@5b58a6f4, org.springframework.boot.test.autoconfigure.web.servlet.MockMvcPrintOnlyOnFailureTestExecutionListener@6695cc54, org.springframework.boot.test.autoconfigure.web.servlet.WebDriverTestExecutionListener@6ad7a45a, org.springframework.boot.test.mock.mockito.ResetMocksTestExecutionListener@559f83ee]
20:03:39.458 [Test worker] DEBUG org.springframework.test.annotation.ProfileValueUtils - Retrieved @ProfileValueSourceConfiguration [null] for test class [gridgenerationms.game.GridgenerationmsApplicationTests]
20:03:39.458 [Test worker] DEBUG org.springframework.test.annotation.ProfileValueUtils - Retrieved ProfileValueSource type [class org.springframework.test.annotation.SystemProfileValueSource] for class [gridgenerationms.game.GridgenerationmsApplicationTests]
20:03:39.459 [Test worker] DEBUG org.springframework.test.annotation.ProfileValueUtils - Retrieved @ProfileValueSourceConfiguration [null] for test class [gridgenerationms.game.GridgenerationmsApplicationTests]
20:03:39.459 [Test worker] DEBUG org.springframework.test.annotation.ProfileValueUtils - Retrieved ProfileValueSource type [class org.springframework.test.annotation.SystemProfileValueSource] for class [gridgenerationms.game.GridgenerationmsApplicationTests]
20:03:39.465 [Test worker] DEBUG org.springframework.test.context.support.AbstractDirtiesContextTestExecutionListener - Before test class: context [DefaultTestContext@35e0285 testClass = GridgenerationmsApplicationTests, testInstance = [null], testMethod = [null], testException = [null], mergedContextConfiguration = [WebMergedContextConfiguration@21bc6b1d testClass = GridgenerationmsApplicationTests, locations = '{}', classes = '{class gridgenerationms.game.GridGenerationApplication}', contextInitializerClasses = '[]', activeProfiles = '{}', propertySourceLocations = '{}', propertySourceProperties = '{org.springframework.boot.test.context.SpringBootTestContextBootstrapper=true}', contextCustomizers = set[org.springframework.boot.test.autoconfigure.properties.PropertyMappingContextCustomizer@0, org.springframework.boot.test.autoconfigure.web.servlet.WebDriverContextCustomizerFactory$Customizer@204fe49c, org.springframework.boot.test.context.filter.ExcludeFilterContextCustomizer@1c89302, org.springframework.boot.test.json.DuplicateJsonObjectContextCustomizerFactory$DuplicateJsonObjectContextCustomizer@33b8135d, org.springframework.boot.test.mock.mockito.MockitoContextCustomizer@0, org.springframework.boot.test.web.client.TestRestTemplateContextCustomizer@270b8fb8], resourceBasePath = 'src/main/webapp', contextLoader = 'org.springframework.boot.test.context.SpringBootContextLoader', parent = [null]], attributes = map['org.springframework.test.context.web.ServletTestExecutionListener.activateListener' -> true]], class annotated with @DirtiesContext [false] with mode [null].
20:03:39.465 [Test worker] DEBUG org.springframework.test.annotation.ProfileValueUtils - Retrieved @ProfileValueSourceConfiguration [null] for test class [gridgenerationms.game.GridgenerationmsApplicationTests]
20:03:39.466 [Test worker] DEBUG org.springframework.test.annotation.ProfileValueUtils - Retrieved ProfileValueSource type [class org.springframework.test.annotation.SystemProfileValueSource] for class [gridgenerationms.game.GridgenerationmsApplicationTests]
20:03:39.487 [Test worker] DEBUG org.springframework.test.context.support.TestPropertySourceUtils - Adding inlined properties to environment: {spring.jmx.enabled=false, org.springframework.boot.test.context.SpringBootTestContextBootstrapper=true, server.port=-1}

  .   ____          _            __ _ _
 /\\ / ___'_ __ _ _(_)_ __  __ _ \ \ \ \
( ( )\___ | '_ | '_| | '_ \/ _` | \ \ \ \
 \\/  ___)| |_)| | | | | || (_| |  ) ) ) )
  '  |____| .__|_| |_|_| |_\__, | / / / /
 =========|_|==============|___/=/_/_/_/
 :: Spring Boot ::        (v2.1.9.RELEASE)

2019-10-09 20:03:39.792  INFO 8234 --- [    Test worker] g.game.GridgenerationmsApplicationTests  : Starting GridgenerationmsApplicationTests on miPC with PID 8234 (started by jhonnyzaz in /home/jhonnyzaz/IdeaProjects/gridgenerationms)
2019-10-09 20:03:39.798  INFO 8234 --- [    Test worker] g.game.GridgenerationmsApplicationTests  : No active profile set, falling back to default profiles: default
2019-10-09 20:03:41.203  INFO 8234 --- [    Test worker] o.s.s.concurrent.ThreadPoolTaskExecutor  : Initializing ExecutorService 'applicationTaskExecutor'
2019-10-09 20:03:41.450  INFO 8234 --- [    Test worker] g.game.GridgenerationmsApplicationTests  : Started GridgenerationmsApplicationTests in 1.954 seconds (JVM running for 2.854)
]]></system-out>
  <system-err><![CDATA[]]></system-err>
</testsuite>
